"D:/Brood/Brood.uproject" 1
"../../../Engine/Plugins/2D/Paper2D/Paper2D.uplugin" 2
"../../../Engine/Plugins/Blendables/LightPropagationVolume/LightPropagationVolume.uplugin" 3
"../../../Engine/Plugins/Developer/BlankPlugin/BlankPlugin.uplugin" 4
"../../../Engine/Plugins/Developer/CodeLiteSourceCodeAccess/CodeLiteSourceCodeAccess.uplugin" 5
"../../../Engine/Plugins/Developer/GitSourceControl/GitSourceControl.uplugin" 6
"../../../Engine/Plugins/Developer/KDevelopSourceCodeAccess/KDevelopSourceCodeAccess.uplugin" 7
"../../../Engine/Plugins/Developer/NullSourceCodeAccess/NullSourceCodeAccess.uplugin" 8
"../../../Engine/Plugins/Developer/OneSkyLocalizationService/OneSkyLocalizationService.uplugin" 9
"../../../Engine/Plugins/Developer/PerforceSourceControl/PerforceSourceControl.uplugin" 10
"../../../Engine/Plugins/Developer/SubversionSourceControl/SubversionSourceControl.uplugin" 11
"../../../Engine/Plugins/Developer/UObjectPlugin/UObjectPlugin.uplugin" 12
"../../../Engine/Plugins/Developer/VisualStudioSourceCodeAccess/VisualStudioSourceCodeAccess.uplugin" 13
"../../../Engine/Plugins/Developer/XCodeSourceCodeAccess/XCodeSourceCodeAccess.uplugin" 14
"../../../Engine/Plugins/Editor/EpicSurvey/EpicSurvey.uplugin" 15
"../../../Engine/Plugins/Editor/MacGraphicsSwitching/MacGraphicsSwitching.uplugin" 16
"../../../Engine/Plugins/Editor/PluginBrowser/PluginBrowser.uplugin" 17
"../../../Engine/Plugins/Editor/SpeedTreeImporter/SpeedTreeImporter.uplugin" 18
"../../../Engine/Plugins/Experimental/BlueprintStats/BlueprintStats.uplugin" 19
"../../../Engine/Plugins/Experimental/CharacterAI/CharacterAI.uplugin" 20
"../../../Engine/Plugins/Experimental/CodeEditor/CodeEditor.uplugin" 21
"../../../Engine/Plugins/Experimental/CodeView/CodeView.uplugin" 22
"../../../Engine/Plugins/Experimental/HTML5Networking/HTML5Networking.uplugin" 23
"../../../Engine/Plugins/Experimental/LiveEditor/LiveEditor.uplugin" 24
"../../../Engine/Plugins/Experimental/Phya/Phya.uplugin" 25
"../../../Engine/Plugins/Experimental/SimpleHMD/SimpleHMD.uplugin" 26
"../../../Engine/Plugins/Experimental/StructBox/StructBox.uplugin" 27
"../../../Engine/Plugins/Media/AndroidMedia/AndroidMedia.uplugin" 28
"../../../Engine/Plugins/Media/AvfMedia/AvfMedia.uplugin" 29
"../../../Engine/Plugins/Media/MediaPlayerEditor/MediaPlayerEditor.uplugin" 30
"../../../Engine/Plugins/Media/WmfMedia/WmfMedia.uplugin" 31
"../../../Engine/Plugins/Messaging/MessagingDebugger/MessagingDebugger.uplugin" 32
"../../../Engine/Plugins/Messaging/UdpMessaging/UdpMessaging.uplugin" 33
"../../../Engine/Plugins/MovieScene/LevelSequenceEditor/LevelSequenceEditor.uplugin" 34
"../../../Engine/Plugins/NetcodeUnitTest/NetcodeUnitTest/NetcodeUnitTest.uplugin" 35
"../../../Engine/Plugins/NetcodeUnitTest/NUTUnrealEngine4/NUTUnrealEngine4.uplugin" 36
"../../../Engine/Plugins/Runtime/Advertising/IOSTapJoy/IOSTapJoy.uplugin" 37
"../../../Engine/Plugins/Runtime/Analytics/AnalyticsBlueprintLibrary/AnalyticsBlueprintLibrary.uplugin" 38
"../../../Engine/Plugins/Runtime/Analytics/AnalyticsMulticast/AnalyticsMulticast.uplugin" 39
"../../../Engine/Plugins/Runtime/Analytics/Apsalar/IOSApsalar/IOSApsalar.uplugin" 40
"../../../Engine/Plugins/Runtime/Analytics/FileLogging/FileLogging.uplugin" 41
"../../../Engine/Plugins/Runtime/Analytics/Flurry/IOSFlurry/IOSFlurry.uplugin" 42
"../../../Engine/Plugins/Runtime/AndroidDeviceProfileSelector/AndroidDeviceProfileSelector.uplugin" 43
"../../../Engine/Plugins/Runtime/AndroidMoviePlayer/AndroidMoviePlayer.uplugin" 44
"../../../Engine/Plugins/Runtime/AppleMoviePlayer/AppleMoviePlayer.uplugin" 45
"../../../Engine/Plugins/Runtime/ArchVisCharacter/ArchVisCharacter.uplugin" 46
"../../../Engine/Plugins/Runtime/CableComponent/CableComponent.uplugin" 47
"../../../Engine/Plugins/Runtime/CustomMeshComponent/CustomMeshComponent.uplugin" 48
"../../../Engine/Plugins/Runtime/ExampleDeviceProfileSelector/ExampleDeviceProfileSelector.uplugin" 49
"../../../Engine/Plugins/Runtime/GearVR/GearVR.uplugin" 50
"../../../Engine/Plugins/Runtime/IOSDeviceProfileSelector/IOSDeviceProfileSelector.uplugin" 51
"../../../Engine/Plugins/Runtime/LeapMotionController/LeapMotionController.uplugin" 52
"../../../Engine/Plugins/Runtime/LinuxDeviceProfileSelector/LinuxDeviceProfileSelector.uplugin" 53
"../../../Engine/Plugins/Runtime/LiveEditorListenServer/LiveEditorListenServer.uplugin" 54
"../../../Engine/Plugins/Runtime/OculusAudio/OculusAudio.uplugin" 55
"../../../Engine/Plugins/Runtime/OculusInput/OculusInput.uplugin" 56
"../../../Engine/Plugins/Runtime/OculusLibrary/OculusLibrary.uplugin" 57
"../../../Engine/Plugins/Runtime/OculusRift/OculusRift.uplugin" 58
"../../../Engine/Plugins/Runtime/ProceduralMeshComponent/ProceduralMeshComponent.uplugin" 59
"../../../Engine/Plugins/Runtime/SoundMod/SoundMod.uplugin" 60
"../../../Engine/Plugins/Runtime/SoundVisualizations/SoundVisualizations.uplugin" 61
"../../../Engine/Plugins/Runtime/Steam/SteamController/SteamController.uplugin" 62
"../../../Engine/Plugins/Runtime/Steam/SteamVR/SteamVR.uplugin" 63
"../../../Engine/Plugins/Runtime/WebBrowserWidget/WebBrowserWidget.uplugin" 64
"../../../Engine/Plugins/Runtime/WindowsDeviceProfileSelector/WindowsDeviceProfileSelector.uplugin" 65
"../../../Engine/Plugins/Runtime/WindowsMoviePlayer/WindowsMoviePlayer.uplugin" 66
"../../../Engine/Plugins/ScriptGeneratorPlugin/ScriptGeneratorPlugin.uplugin" 67
"../../../Engine/Plugins/ScriptPlugin/ScriptPlugin.uplugin" 68
"../../../Engine/Plugins/Slate/SlateRemote/SlateRemote.uplugin" 69
"..\..\..\Engine\Content\Internationalization\icudt53l\cnvalias.icu" 70
"..\..\..\Engine\Content\Internationalization\icudt53l\en_US_POSIX.res" 71
"..\..\..\Engine\Content\Internationalization\icudt53l\pool.res" 72
"..\..\..\Engine\Content\Internationalization\icudt53l\en_US.res" 73
"..\..\..\Engine\Content\Internationalization\icudt53l\en.res" 74
"..\..\..\Engine\Content\Internationalization\icudt53l\root.res" 75
"C:/Users/Martin/AppData/Local/UnrealEngine/4.10/Saved/Config/Windows/Manifest.ini" 76
"../../../Engine/Config/Base.ini" 77
"../../../Engine/Config/BaseEngine.ini" 78
"D:/Brood/Config/DefaultEngine.ini" 79
"../../../Engine/Config/Windows/WindowsEngine.ini" 80
"D:/Brood/Saved/Config/Windows/Engine.ini" 81
"../../../../../Brood/Intermediate/Config/CoalescedSourceConfigs/Engine.ini" 82
"../../../Engine/Config/BaseGame.ini" 83
"D:/Brood/Config/DefaultGame.ini" 84
"D:/Brood/Saved/Config/Windows/Game.ini" 85
"../../../../../Brood/Intermediate/Config/CoalescedSourceConfigs/Game.ini" 86
"../../../Engine/Config/BaseInput.ini" 87
"D:/Brood/Config/DefaultInput.ini" 88
"D:/Brood/Saved/Config/Windows/Input.ini" 89
"../../../../../Brood/Intermediate/Config/CoalescedSourceConfigs/Input.ini" 90
"../../../Engine/Config/BaseEditor.ini" 91
"D:/Brood/Config/DefaultEditor.ini" 92
"D:/Brood/Saved/Config/Windows/Editor.ini" 93
"../../../../../Brood/Intermediate/Config/CoalescedSourceConfigs/Editor.ini" 94
"../../../Engine/Config/BaseEditorPerProjectUserSettings.ini" 95
"D:/Brood/Saved/Config/Windows/EditorPerProjectUserSettings.ini" 96
"../../../../../Brood/Intermediate/Config/CoalescedSourceConfigs/EditorPerProjectUserSettings.ini" 97
"../../../Engine/Config/BaseEditorSettings.ini" 98
"C:/Users/Martin/AppData/Local/UnrealEngine/4.10/Saved/Config/Windows/EditorSettings.ini" 99
"../../../../../Brood/Intermediate/Config/CoalescedSourceConfigs/EditorSettings.ini" 100
"../../../Engine/Config/BaseEditorLayout.ini" 101
"C:/Users/Martin/AppData/Local/UnrealEngine/4.10/Saved/Config/Windows/EditorLayout.ini" 102
"../../../../../Brood/Intermediate/Config/CoalescedSourceConfigs/EditorLayout.ini" 103
"../../../Engine/Config/BaseEditorKeyBindings.ini" 104
"C:/Users/Martin/AppData/Local/UnrealEngine/4.10/Saved/Config/Windows/EditorKeyBindings.ini" 105
"../../../../../Brood/Intermediate/Config/CoalescedSourceConfigs/EditorKeyBindings.ini" 106
"../../../Engine/Config/BaseCompat.ini" 107
"D:/Brood/Saved/Config/Windows/Compat.ini" 108
"../../../../../Brood/Intermediate/Config/CoalescedSourceConfigs/Compat.ini" 109
"../../../Engine/Config/BaseLightmass.ini" 110
"D:/Brood/Saved/Config/Windows/Lightmass.ini" 111
"../../../../../Brood/Intermediate/Config/CoalescedSourceConfigs/Lightmass.ini" 112
"../../../Engine/Config/BaseScalability.ini" 113
"D:/Brood/Saved/Config/Windows/Scalability.ini" 114
"../../../../../Brood/Intermediate/Config/CoalescedSourceConfigs/Scalability.ini" 115
"D:/Brood/Saved/Config/Windows/GameUserSettings.ini" 116
"../../../../../Brood/Intermediate/Config/CoalescedSourceConfigs/GameUserSettings.ini" 117
"../../../Engine/Config/BaseDeviceProfiles.ini" 118
"D:/Brood/Saved/Config/Windows/DeviceProfiles.ini" 119
"../../../../../Brood/Intermediate/Config/CoalescedSourceConfigs/DeviceProfiles.ini" 120
"../../../Engine/Config/ConsoleVariables.ini" 121
"..\..\..\Engine\Content\Internationalization\icudt53l\es.res" 122
"..\..\..\Engine\Content\Internationalization\icudt53l\ja.res" 123
"..\..\..\Engine\Content\Internationalization\icudt53l\ko.res" 124
"..\..\..\Engine\Content\Internationalization\icudt53l\pt_BR.res" 125
"..\..\..\Engine\Content\Internationalization\icudt53l\pt.res" 126
"..\..\..\Engine\Content\Internationalization\icudt53l\zh_CN.res" 127
"..\..\..\Engine\Content\Internationalization\icudt53l\zh_Hans_CN.res" 128
"..\..\..\Engine\Content\Internationalization\icudt53l\zh_Hans.res" 129
"..\..\..\Engine\Content\Internationalization\icudt53l\zh.res" 130
"D:/Epic Games/4.10/Engine/Content/Localization/Editor/en/Editor.locres" 131
"D:/Epic Games/4.10/Engine/Content/Localization/EditorTutorials/en/EditorTutorials.locres" 132
"D:/Epic Games/4.10/Engine/Content/Localization/Keywords/en/Keywords.locres" 133
"D:/Epic Games/4.10/Engine/Content/Localization/Category/en/Category.locres" 134
"D:/Epic Games/4.10/Engine/Content/Localization/ToolTips/en/ToolTips.locres" 135
"D:/Epic Games/4.10/Engine/Content/Localization/PropertyNames/en/PropertyNames.locres" 136
"D:/Epic Games/4.10/Engine/Content/Localization/Engine/en/Engine.locres" 137
"../../../Engine/Content/Slate/Fonts/Roboto-Regular.ttf" 138
"../../../Engine/Content/Slate/Fonts/DroidSansMono.ttf" 139
"../../../Engine/Content/Slate/Fonts/Roboto-Bold.ttf" 140
"../../../Engine/Content/Slate/Fonts/Roboto-Light.ttf" 141
"D:/Epic Games/4.10/Engine/Binaries/Win64/../../../Engine/Shaders/ParticleSpriteVertexFactory.usf" 142
"D:/Epic Games/4.10/Engine/Binaries/Win64/../../../Engine/Shaders/VertexFactoryCommon.usf" 143
"D:/Epic Games/4.10/Engine/Binaries/Win64/../../../Engine/Shaders/Common.usf" 144
"D:/Epic Games/4.10/Engine/Binaries/Win64/../../../Engine/Shaders/MetalCommon.usf" 145
"D:/Epic Games/4.10/Engine/Binaries/Win64/../../../Engine/Shaders/ShaderVersion.usf" 146
"D:/Epic Games/4.10/Engine/Binaries/Win64/../../../Engine/Shaders/CommonViewUniformBuffer.usf" 147
"D:/Epic Games/4.10/Engine/Binaries/Win64/../../../Engine/Shaders/Definitions.usf" 148
"D:/Epic Games/4.10/Engine/Binaries/Win64/../../../Engine/Shaders/Random.usf" 149
"D:/Epic Games/4.10/Engine/Binaries/Win64/../../../Engine/Shaders/ParticleVertexFactoryCommon.usf" 150
"D:/Epic Games/4.10/Engine/Binaries/Win64/../../../Engine/Shaders/ParticleGPUSpriteVertexFactory.usf" 151
"D:/Epic Games/4.10/Engine/Binaries/Win64/../../../Engine/Shaders/ParticleBeamTrailVertexFactory.usf" 152
"D:/Epic Games/4.10/Engine/Binaries/Win64/../../../Engine/Shaders/LocalVertexFactory.usf" 153
"D:/Epic Games/4.10/Engine/Binaries/Win64/../../../Engine/Shaders/LocalVertexFactoryCommon.usf" 154
"D:/Epic Games/4.10/Engine/Binaries/Win64/../../../Engine/Shaders/VectorFieldVisualizationVertexFactory.usf" 155
"D:/Epic Games/4.10/Engine/Binaries/Win64/../../../Engine/Shaders/MeshParticleVertexFactory.usf" 156
"D:/Epic Games/4.10/Engine/Binaries/Win64/../../../Engine/Shaders/GpuSkinVertexFactory.usf" 157
"D:/Epic Games/4.10/Engine/Binaries/Win64/../../../Engine/Shaders/GpuSkinCacheCommon.usf" 158
"D:/Epic Games/4.10/Engine/Binaries/Win64/../../../Engine/Shaders/LandscapeVertexFactory.usf" 159
"D:/Epic Games/4.10/Engine/Binaries/Win64/../../../Engine/Shaders/SlateElementPixelShader.usf" 160
"D:/Epic Games/4.10/Engine/Binaries/Win64/../../../Engine/Shaders/GammaCorrectionCommon.usf" 161
"D:/Epic Games/4.10/Engine/Binaries/Win64/../../../Engine/Shaders/MaterialTemplate.usf" 162
"D:/Epic Games/4.10/Engine/Binaries/Win64/../../../Engine/Shaders/DepthOfFieldCommon.usf" 163
"D:/Epic Games/4.10/Engine/Binaries/Win64/../../../Engine/Shaders/GlobalDistanceFieldShared.usf" 164
"D:/Epic Games/4.10/Engine/Binaries/Win64/../../../Engine/Shaders/SpeedTreeCommon.usf" 165
"D:/Epic Games/4.10/Engine/Binaries/Win64/../../../Engine/Shaders/AtmosphereCommon.usf" 166
"D:/Epic Games/4.10/Engine/Binaries/Win64/../../../Engine/Shaders/PaniniProjection.usf" 167
"D:/Epic Games/4.10/Engine/Binaries/Win64/../../../Engine/Shaders/EyeAdaptationCommon.usf" 168
"D:/Epic Games/4.10/Engine/Binaries/Win64/../../../Engine/Shaders/PostProcessCommon.usf" 169
"D:/Epic Games/4.10/Engine/Binaries/Win64/../../../Engine/Shaders/DeferredShadingCommon.usf" 170
"D:/Epic Games/4.10/Engine/Binaries/Win64/../../../Engine/Shaders/LightAccumulator.usf" 171
"D:/Epic Games/4.10/Engine/Binaries/Win64/../../../Engine/Shaders/SlateVertexShader.usf" 172
"D:/Epic Games/4.10/Engine/Binaries/Win64/../../../Engine/Shaders/ParticleSortKeyGen.usf" 173
"D:/Epic Games/4.10/Engine/Binaries/Win64/../../../Engine/Shaders/ParticleBoundsShader.usf" 174
"D:/Epic Games/4.10/Engine/Binaries/Win64/../../../Engine/Shaders/ParticleSimVisualizeShader.usf" 175
"D:/Epic Games/4.10/Engine/Binaries/Win64/../../../Engine/Shaders/ParticleInjectionShader.usf" 176
"D:/Epic Games/4.10/Engine/Binaries/Win64/../../../Engine/Shaders/ParticleSimulationShader.usf" 177
"D:/Epic Games/4.10/Engine/Binaries/Win64/../../../Engine/Shaders/ParticleCurveInjectionShader.usf" 178
"D:/Epic Games/4.10/Engine/Binaries/Win64/../../../Engine/Shaders/VectorFieldCompositeShaders.usf" 179
"D:/Epic Games/4.10/Engine/Binaries/Win64/../../../Engine/Shaders/UpdateTextureShaders.usf" 180
"D:/Epic Games/4.10/Engine/Binaries/Win64/../../../Engine/Shaders/SimpleElementColorChannelMaskPixelShader.usf" 181
"D:/Epic Games/4.10/Engine/Binaries/Win64/../../../Engine/Shaders/SimpleElementPixelShader.usf" 182
"D:/Epic Games/4.10/Engine/Binaries/Win64/../../../Engine/Shaders/ColorUtils.usf" 183
"D:/Epic Games/4.10/Engine/Binaries/Win64/../../../Engine/Shaders/IESLightProfilesCommon.usf" 184
"D:/Epic Games/4.10/Engine/Binaries/Win64/../../../Engine/Shaders/SimpleElementHitProxyPixelShader.usf" 185
"D:/Epic Games/4.10/Engine/Binaries/Win64/../../../Engine/Shaders/SimpleElementVertexShader.usf" 186
"D:/Epic Games/4.10/Engine/Binaries/Win64/../../../Engine/Shaders/ScreenVertexShader.usf" 187
"D:/Epic Games/4.10/Engine/Binaries/Win64/../../../Engine/Shaders/ScreenPixelShader.usf" 188
"D:/Epic Games/4.10/Engine/Binaries/Win64/../../../Engine/Shaders/RadixSortShaders.usf" 189
"D:/Epic Games/4.10/Engine/Binaries/Win64/../../../Engine/Shaders/GpuSkinCacheComputeShader.usf" 190
"D:/Epic Games/4.10/Engine/Binaries/Win64/../../../Engine/Shaders/NullPixelShader.usf" 191
"D:/Epic Games/4.10/Engine/Binaries/Win64/../../../Engine/Shaders/LandscapeGrassWeight.usf" 192
"D:/Epic Games/4.10/Engine/Binaries/Win64/../../../Engine/Shaders/VisualizeTexture.usf" 193
"D:/Epic Games/4.10/Engine/Binaries/Win64/../../../Engine/Shaders/ScreenSpaceReflections.usf" 194
"D:/Epic Games/4.10/Engine/Binaries/Win64/../../../Engine/Shaders/BRDF.usf" 195
"D:/Epic Games/4.10/Engine/Binaries/Win64/../../../Engine/Shaders/MonteCarlo.usf" 196
"D:/Epic Games/4.10/Engine/Binaries/Win64/../../../Engine/Shaders/ScreenSpaceRayCast.usf" 197
"D:/Epic Games/4.10/Engine/Binaries/Win64/../../../Engine/Shaders/FilterVertexShader.usf" 198
"D:/Epic Games/4.10/Engine/Binaries/Win64/../../../Engine/Shaders/FilterPixelShader.usf" 199
"D:/Epic Games/4.10/Engine/Binaries/Win64/../../../Engine/Shaders/PostProcessVisualizeHDR.usf" 200
"D:/Epic Games/4.10/Engine/Binaries/Win64/../../../Engine/Shaders/PostProcessHistogramCommon.usf" 201
"D:/Epic Games/4.10/Engine/Binaries/Win64/../../../Engine/Shaders/TonemapCommon.usf" 202
"D:/Epic Games/4.10/Engine/Binaries/Win64/../../../Engine/Shaders/ACES.usf" 203
"D:/Epic Games/4.10/Engine/Binaries/Win64/../../../Engine/Shaders/MiniFontCommon.usf" 204
"D:/Epic Games/4.10/Engine/Binaries/Win64/../../../Engine/Shaders/PostProcessVisualizeBuffer.usf" 205
"D:/Epic Games/4.10/Engine/Binaries/Win64/../../../Engine/Shaders/PostProcessUpscale.usf" 206
"D:/Epic Games/4.10/Engine/Binaries/Win64/../../../Engine/Shaders/PostProcessTonemap.usf" 207
"D:/Epic Games/4.10/Engine/Binaries/Win64/../../../Engine/Shaders/PostProcessTestImage.usf" 208
"D:/Epic Games/4.10/Engine/Binaries/Win64/../../../Engine/Shaders/PostProcessTemporalAA.usf" 209
"D:/Epic Games/4.10/Engine/Binaries/Win64/../../../Engine/Shaders/PostProcessTemporalCommon.usf" 210
"D:/Epic Games/4.10/Engine/Binaries/Win64/../../../Engine/Shaders/PostProcessSubsurface.usf" 211
"D:/Epic Games/4.10/Engine/Binaries/Win64/../../../Engine/Shaders/SeparableSSS.usf" 212
"D:/Epic Games/4.10/Engine/Binaries/Win64/../../../Engine/Shaders/PostProcessSelectionOutline.usf" 213
"D:/Epic Games/4.10/Engine/Binaries/Win64/../../../Engine/Shaders/PostProcessSceneColorFringe.usf" 214
"D:/Epic Games/4.10/Engine/Binaries/Win64/../../../Engine/Shaders/PostProcessNoiseBlur.usf" 215
"D:/Epic Games/4.10/Engine/Binaries/Win64/../../../Engine/Shaders/PostProcessMotionBlur.usf" 216
"D:/Epic Games/4.10/Engine/Binaries/Win64/../../../Engine/Shaders/FastMath.usf" 217
"D:/Epic Games/4.10/Engine/Binaries/Win64/../../../Engine/Shaders/PostProcessVelocityFlatten.usf" 218
"D:/Epic Games/4.10/Engine/Binaries/Win64/../../../Engine/Shaders/PostProcessMobile.usf" 219
"D:/Epic Games/4.10/Engine/Binaries/Win64/../../../Engine/Shaders/PostProcessMaterialShaders.usf" 220
"D:/Epic Games/4.10/Engine/Binaries/Win64/../../../Engine/Shaders/PostProcessLensFlares.usf" 221
"D:/Epic Games/4.10/Engine/Binaries/Win64/../../../Engine/Shaders/PostProcessLensBlur.usf" 222
"D:/Epic Games/4.10/Engine/Binaries/Win64/../../../Engine/Shaders/PostProcessBloom.usf" 223
"D:/Epic Games/4.10/Engine/Binaries/Win64/../../../Engine/Shaders/PostProcessHMD.usf" 224
"D:/Epic Games/4.10/Engine/Binaries/Win64/../../../Engine/Shaders/PostProcessHistogramReduce.usf" 225
"D:/Epic Games/4.10/Engine/Binaries/Win64/../../../Engine/Shaders/PostProcessHistogram.usf" 226
"D:/Epic Games/4.10/Engine/Binaries/Win64/../../../Engine/Shaders/PostProcessHierarchical.usf" 227
"D:/Epic Games/4.10/Engine/Binaries/Win64/../../../Engine/Shaders/PostProcessGBufferHints.usf" 228
"D:/Epic Games/4.10/Engine/Binaries/Win64/../../../Engine/Shaders/PostProcessEyeAdaptation.usf" 229
"D:/Epic Games/4.10/Engine/Binaries/Win64/../../../Engine/Shaders/PostProcessDownsample.usf" 230
"D:/Epic Games/4.10/Engine/Binaries/Win64/../../../Engine/Shaders/PostProcessDOF.usf" 231
"D:/Epic Games/4.10/Engine/Binaries/Win64/../../../Engine/Shaders/PostProcessCompositeEditorPrimitives.usf" 232
"D:/Epic Games/4.10/Engine/Binaries/Win64/../../../Engine/Shaders/PostProcessCombineLUTs.usf" 233
"D:/Epic Games/4.10/Engine/Binaries/Win64/../../../Engine/Shaders/PostProcessCircleDOF.usf" 234
"D:/Epic Games/4.10/Engine/Binaries/Win64/../../../Engine/Shaders/CircleDOFCommon.usf" 235
"D:/Epic Games/4.10/Engine/Binaries/Win64/../../../Engine/Shaders/PostProcessBusyWait.usf" 236
"D:/Epic Games/4.10/Engine/Binaries/Win64/../../../Engine/Shaders/PostProcessBokehDOF.usf" 237
"D:/Epic Games/4.10/Engine/Binaries/Win64/../../../Engine/Shaders/PostProcessVisualizeDOF.usf" 238
"D:/Epic Games/4.10/Engine/Binaries/Win64/../../../Engine/Shaders/FXAAShader.usf" 239
"D:/Epic Games/4.10/Engine/Binaries/Win64/../../../Engine/Shaders/Fxaa3_11.usf" 240
"D:/Epic Games/4.10/Engine/Binaries/Win64/../../../Engine/Shaders/PostProcessPassThrough.usf" 241
"D:/Epic Games/4.10/Engine/Binaries/Win64/../../../Engine/Shaders/PostProcessLpvIndirect.usf" 242
"D:/Epic Games/4.10/Engine/Binaries/Win64/../../../Engine/Shaders/DeferredLightingCommon.usf" 243
"D:/Epic Games/4.10/Engine/Binaries/Win64/../../../Engine/Shaders/DynamicLightingCommon.usf" 244
"D:/Epic Games/4.10/Engine/Binaries/Win64/../../../Engine/Shaders/ShadingModels.usf" 245
"D:/Epic Games/4.10/Engine/Binaries/Win64/../../../Engine/Shaders/LPVFinalPass.usf" 246
"D:/Epic Games/4.10/Engine/Binaries/Win64/../../../Engine/Shaders/LPVCommon.usf" 247
"D:/Epic Games/4.10/Engine/Binaries/Win64/../../../Engine/Shaders/DeferredDecal.usf" 248
"D:/Epic Games/4.10/Engine/Binaries/Win64/../../../Engine/Shaders/PostProcessAmbientOcclusion.usf" 249
"D:/Epic Games/4.10/Engine/Binaries/Win64/../../../Engine/Shaders/PostProcessAmbient.usf" 250
"D:/Epic Games/4.10/Engine/Binaries/Win64/../../../Engine/Shaders/CubemapCommon.usf" 251
"D:/Epic Games/4.10/Engine/Binaries/Win64/../../../Engine/Shaders/VelocityShader.usf" 252
"D:/Epic Games/4.10/Engine/Binaries/Win64/../../../Engine/Shaders/VelocityCommon.usf" 253
"D:/Epic Games/4.10/Engine/Binaries/Win64/../../../Engine/Shaders/Tessellation.usf" 254
"D:/Epic Games/4.10/Engine/Binaries/Win64/../../../Engine/Shaders/FlatTessellation.usf" 255
"D:/Epic Games/4.10/Engine/Binaries/Win64/../../../Engine/Shaders/PNTriangles.usf" 256
"D:/Epic Games/4.10/Engine/Binaries/Win64/../../../Engine/Shaders/TranslucentLightingShaders.usf" 257
"D:/Epic Games/4.10/Engine/Binaries/Win64/../../../Engine/Shaders/SHCommon.usf" 258
"D:/Epic Games/4.10/Engine/Binaries/Win64/../../../Engine/Shaders/ShadowProjectionCommon.usf" 259
"D:/Epic Games/4.10/Engine/Binaries/Win64/../../../Engine/Shaders/TranslucentLightInjectionShaders.usf" 260
"D:/Epic Games/4.10/Engine/Binaries/Win64/../../../Engine/Shaders/LightFunctionCommon.usf" 261
"D:/Epic Games/4.10/Engine/Binaries/Win64/../../../Engine/Shaders/TranslucentShadowDepthShaders.usf" 262
"D:/Epic Games/4.10/Engine/Binaries/Win64/../../../Engine/Shaders/ShadowDepthCommon.usf" 263
"D:/Epic Games/4.10/Engine/Binaries/Win64/../../../Engine/Shaders/TiledDeferredLightShaders.usf" 264
"D:/Epic Games/4.10/Engine/Binaries/Win64/../../../Engine/Shaders/SurfelTree.usf" 265
"D:/Epic Games/4.10/Engine/Binaries/Win64/../../../Engine/Shaders/DistanceFieldLightingShared.usf" 266
"D:/Epic Games/4.10/Engine/Binaries/Win64/../../../Engine/Shaders/SurfelMaterialShared.usf" 267
"D:/Epic Games/4.10/Engine/Binaries/Win64/../../../Engine/Shaders/DistanceFieldAOShared.usf" 268
"D:/Epic Games/4.10/Engine/Binaries/Win64/../../../Engine/Shaders/ShadowProjectionPixelShader.usf" 269
"D:/Epic Games/4.10/Engine/Binaries/Win64/../../../Engine/Shaders/ShadowFilteringCommon.usf" 270
"D:/Epic Games/4.10/Engine/Binaries/Win64/../../../Engine/Shaders/ShadowProjectionVertexShader.usf" 271
"D:/Epic Games/4.10/Engine/Binaries/Win64/../../../Engine/Shaders/ShadowDepthPixelShader.usf" 272
"D:/Epic Games/4.10/Engine/Binaries/Win64/../../../Engine/Shaders/LPVWriteVplCommon.usf" 273
"D:/Epic Games/4.10/Engine/Binaries/Win64/../../../Engine/Shaders/LPVWriteCommon.usf" 274
"D:/Epic Games/4.10/Engine/Binaries/Win64/../../../Engine/Shaders/ShadowDepthVertexShader.usf" 275
"D:/Epic Games/4.10/Engine/Binaries/Win64/../../../Engine/Shaders/ShaderComplexityApplyPixelShader.usf" 276
"D:/Epic Games/4.10/Engine/Binaries/Win64/../../../Engine/Shaders/ShaderComplexityApplyVertexShader.usf" 277
"D:/Epic Games/4.10/Engine/Binaries/Win64/../../../Engine/Shaders/ShaderComplexityAccumulatePixelShader.usf" 278
"D:/Epic Games/4.10/Engine/Binaries/Win64/../../../Engine/Shaders/HZBOcclusion.usf" 279
"D:/Epic Games/4.10/Engine/Binaries/Win64/../../../Engine/Shaders/OcclusionQueryVertexShader.usf" 280
"D:/Epic Games/4.10/Engine/Binaries/Win64/../../../Engine/Shaders/HitProxyPixelShader.usf" 281
"D:/Epic Games/4.10/Engine/Binaries/Win64/../../../Engine/Shaders/HitProxyVertexShader.usf" 282
"D:/Epic Games/4.10/Engine/Binaries/Win64/../../../Engine/Shaders/ReflectionEnvironmentShaders.usf" 283
"D:/Epic Games/4.10/Engine/Binaries/Win64/../../../Engine/Shaders/ReflectionEnvironmentShared.usf" 284
"D:/Epic Games/4.10/Engine/Binaries/Win64/../../../Engine/Shaders/SkyLightingShared.usf" 285
"D:/Epic Games/4.10/Engine/Binaries/Win64/../../../Engine/Shaders/ReflectionEnvironmentComputeShaders.usf" 286
"D:/Epic Games/4.10/Engine/Binaries/Win64/../../../Engine/Shaders/LightShaftShader.usf" 287
"D:/Epic Games/4.10/Engine/Binaries/Win64/../../../Engine/Shaders/StationaryLightOverlapShaders.usf" 288
"D:/Epic Games/4.10/Engine/Binaries/Win64/../../../Engine/Shaders/DeferredLightPixelShaders.usf" 289
"D:/Epic Games/4.10/Engine/Binaries/Win64/../../../Engine/Shaders/DeferredLightVertexShaders.usf" 290
"D:/Epic Games/4.10/Engine/Binaries/Win64/../../../Engine/Shaders/LPVVisualise.usf" 291
"D:/Epic Games/4.10/Engine/Binaries/Win64/../../../Engine/Shaders/LPVGeometryVolumeCommon.usf" 292
"D:/Epic Games/4.10/Engine/Binaries/Win64/../../../Engine/Shaders/LPVDirectLightInject.usf" 293
"D:/Epic Games/4.10/Engine/Binaries/Win64/../../../Engine/Shaders/LPVPropagate.usf" 294
"D:/Epic Games/4.10/Engine/Binaries/Win64/../../../Engine/Shaders/LPVPacking.usf" 295
"D:/Epic Games/4.10/Engine/Binaries/Win64/../../../Engine/Shaders/LPVBuildGeometryVolume.usf" 296
"D:/Epic Games/4.10/Engine/Binaries/Win64/../../../Engine/Shaders/LpvDirectionalOcclusion.usf" 297
"D:/Epic Games/4.10/Engine/Binaries/Win64/../../../Engine/Shaders/LPVInject_AccumulateVplLists.usf" 298
"D:/Epic Games/4.10/Engine/Binaries/Win64/../../../Engine/Shaders/LPVInject_GenerateVplLists.usf" 299
"D:/Epic Games/4.10/Engine/Binaries/Win64/../../../Engine/Shaders/LPVClearLists.usf" 300
"D:/Epic Games/4.10/Engine/Binaries/Win64/../../../Engine/Shaders/LPVClear.usf" 301
"D:/Epic Games/4.10/Engine/Binaries/Win64/../../../Engine/Shaders/LightMapDensityShader.usf" 302
"D:/Epic Games/4.10/Engine/Binaries/Win64/../../../Engine/Shaders/LightFunctionPixelShader.usf" 303
"D:/Epic Games/4.10/Engine/Binaries/Win64/../../../Engine/Shaders/LightFunctionVertexShader.usf" 304
"D:/Epic Games/4.10/Engine/Binaries/Win64/../../../Engine/Shaders/HeightfieldLighting.usf" 305
"D:/Epic Games/4.10/Engine/Binaries/Win64/../../../Engine/Shaders/DistanceFieldShadowingShared.usf" 306
"D:/Epic Games/4.10/Engine/Binaries/Win64/../../../Engine/Shaders/HdrCustomResolveShaders.usf" 307
"D:/Epic Games/4.10/Engine/Binaries/Win64/../../../Engine/Shaders/GPUBenchmark.usf" 308
"D:/Epic Games/4.10/Engine/Binaries/Win64/../../../Engine/Shaders/GlobalDistanceField.usf" 309
"D:/Epic Games/4.10/Engine/Binaries/Win64/../../../Engine/Shaders/GammaCorrection.usf" 310
"D:/Epic Games/4.10/Engine/Binaries/Win64/../../../Engine/Shaders/BasePassForForwardShadingPixelShader.usf" 311
"D:/Epic Games/4.10/Engine/Binaries/Win64/../../../Engine/Shaders/BasePassForForwardShadingCommon.usf" 312
"D:/Epic Games/4.10/Engine/Binaries/Win64/../../../Engine/Shaders/LightmapCommon.usf" 313
"D:/Epic Games/4.10/Engine/Binaries/Win64/../../../Engine/Shaders/BasePassForForwardShadingVertexShader.usf" 314
"D:/Epic Games/4.10/Engine/Binaries/Win64/../../../Engine/Shaders/HeightFogCommon.usf" 315
"D:/Epic Games/4.10/Engine/Binaries/Win64/../../../Engine/Shaders/HeightFogPixelShader.usf" 316
"D:/Epic Games/4.10/Engine/Binaries/Win64/../../../Engine/Shaders/HeightFogVertexShader.usf" 317
"D:/Epic Games/4.10/Engine/Binaries/Win64/../../../Engine/Shaders/DistortAccumulatePS.usf" 318
"D:/Epic Games/4.10/Engine/Binaries/Win64/../../../Engine/Shaders/DistortAccumulateVS.usf" 319
"D:/Epic Games/4.10/Engine/Binaries/Win64/../../../Engine/Shaders/DistortApplyScreenPS.usf" 320
"D:/Epic Games/4.10/Engine/Binaries/Win64/../../../Engine/Shaders/DistanceFieldSurfaceCacheLighting.usf" 321
"D:/Epic Games/4.10/Engine/Binaries/Win64/../../../Engine/Shaders/SkyLighting.usf" 322
"D:/Epic Games/4.10/Engine/Binaries/Win64/../../../Engine/Shaders/DistanceFieldSurfaceCacheLightingCompute.usf" 323
"D:/Epic Games/4.10/Engine/Binaries/Win64/../../../Engine/Shaders/DistanceFieldShadowing.usf" 324
"D:/Epic Games/4.10/Engine/Binaries/Win64/../../../Engine/Shaders/DistanceFieldScreenGridLighting.usf" 325
"D:/Epic Games/4.10/Engine/Binaries/Win64/../../../Engine/Shaders/DistanceFieldLightingPost.usf" 326
"D:/Epic Games/4.10/Engine/Binaries/Win64/../../../Engine/Shaders/DistanceFieldGlobalIllumination.usf" 327
"D:/Epic Games/4.10/Engine/Binaries/Win64/../../../Engine/Shaders/DepthOnlyPixelShader.usf" 328
"D:/Epic Games/4.10/Engine/Binaries/Win64/../../../Engine/Shaders/DepthOnlyVertexShader.usf" 329
"D:/Epic Games/4.10/Engine/Binaries/Win64/../../../Engine/Shaders/PositionOnlyDepthVertexShader.usf" 330
"D:/Epic Games/4.10/Engine/Binaries/Win64/../../../Engine/Shaders/DownsampleDepthPixelShader.usf" 331
"D:/Epic Games/4.10/Engine/Binaries/Win64/../../../Engine/Shaders/EvaluateSurfelMaterial.usf" 332
"D:/Epic Games/4.10/Engine/Binaries/Win64/../../../Engine/Shaders/ConvertToUniformMesh.usf" 333
"D:/Epic Games/4.10/Engine/Binaries/Win64/../../../Engine/Shaders/BasePassPixelShader.usf" 334
"D:/Epic Games/4.10/Engine/Binaries/Win64/../../../Engine/Shaders/BasePassCommon.usf" 335
"D:/Epic Games/4.10/Engine/Binaries/Win64/../../../Engine/Shaders/ForEachLight.usf" 336
"D:/Epic Games/4.10/Engine/Binaries/Win64/../../../Engine/Shaders/BasePassVertexShader.usf" 337
"D:/Epic Games/4.10/Engine/Binaries/Win64/../../../Engine/Shaders/BasePassVertexCommon.usf" 338
"D:/Epic Games/4.10/Engine/Binaries/Win64/../../../Engine/Shaders/BasePassTessellationShaders.usf" 339
"D:/Epic Games/4.10/Engine/Binaries/Win64/../../../Engine/Shaders/AtmospherePrecompute.usf" 340
"D:/Epic Games/4.10/Engine/Binaries/Win64/../../../Engine/Shaders/AtmospherePrecomputeCommon.usf" 341
"D:/Epic Games/4.10/Engine/Binaries/Win64/../../../Engine/Shaders/AtmospherePrecomputeInscatter.usf" 342
"D:/Epic Games/4.10/Engine/Binaries/Win64/../../../Engine/Shaders/AtmosphericFogShader.usf" 343
"D:/Epic Games/4.10/Engine/Binaries/Win64/../../../Engine/Shaders/ResolveVertexShader.usf" 344
"D:/Epic Games/4.10/Engine/Binaries/Win64/../../../Engine/Shaders/ResolvePixelShader.usf" 345
"D:/Epic Games/4.10/Engine/Binaries/Win64/../../../Engine/Shaders/OneColorShader.usf" 346
"D:/Epic Games/4.10/Engine/Binaries/Win64/../../../Engine/Shaders/MediaShaders.usf" 347
"D:/Epic Games/4.10/Engine/Binaries/Win64/../../../Engine/Shaders/ClearReplacementShaders.usf" 348
"D:/Epic Games/4.10/Engine/Binaries/Win64/../../../Engine/Shaders/SimpleElementTexture2DPreviewPixelShader.usf" 349
"D:/Epic Games/4.10/Engine/Binaries/Win64/../../../Engine/Shaders/SimpleElementNormalMapPixelShader.usf" 350
"D:/Epic Games/4.10/Engine/Binaries/Win64/../../../Engine/Shaders/meshpaintdilatepixelshader.usf" 351
"D:/Epic Games/4.10/Engine/Binaries/Win64/../../../Engine/Shaders/meshpaintdilatevertexshader.usf" 352
"D:/Epic Games/4.10/Engine/Binaries/Win64/../../../Engine/Shaders/MeshPaintPixelShader.usf" 353
"D:/Epic Games/4.10/Engine/Binaries/Win64/../../../Engine/Shaders/MeshPaintVertexShader.usf" 354
"../../../Engine/Config/Android/AndroidEngine.ini" 355
"../../../Engine/Config/IOS/IOSEngine.ini" 356
"../../../Engine/Config/Linux/LinuxEngine.ini" 357
"C:/Users/Martin/AppData/Local/UnrealEngine/4.10/DerivedDataCache/Boot.ddc" 358
"../../../Engine/DerivedDataCache/Compressed.ddp" 359
"../../../Engine/Content/EngineFonts/Roboto.uasset" 360
"../../../Engine/Content/EngineMaterials/Widget3DPassThrough_Translucent.uasset" 361
"../../../Engine/Content/EngineMaterials/Widget3DPassThrough.uasset" 362
"../../../Engine/Content/Functions/Engine_MaterialFunctions02/Texturing/ScreenAlignedUVs.uasset" 363
"../../../Engine/Content/EngineResources/WhiteSquareTexture.uasset" 364
"../../../Engine/Content/Functions/Engine_MaterialFunctions01/Shading/PowerToRoughness.uasset" 365
"../../../Engine/Content/Functions/Engine_MaterialFunctions01/Shading/ConvertFromDiffSpec.uasset" 366
"../../../Engine/Content/EngineMaterials/WorldGridMaterial.uasset" 367
"../../../Engine/Content/Functions/Engine_MaterialFunctions01/Opacity/CameraDepthFade.uasset" 368
"../../../Engine/Content/EngineMaterials/T_Default_Material_Grid_M.uasset" 369
"../../../Engine/Content/EngineMaterials/T_Default_Material_Grid_N.uasset" 370
"../../../Engine/Content/EngineMaterials/DefaultDeferredDecalMaterial.uasset" 371
"../../../Engine/Content/EngineMaterials/DefaultDiffuse.uasset" 372
"../../../Engine/Content/EngineMaterials/DefaultLightFunctionMaterial.uasset" 373
"../../../Engine/Content/EngineMaterials/DefaultPostProcessMaterial.uasset" 374
"../../../Engine/Content/Functions/Engine_MaterialFunctions02/Utility/BreakOutFloat2Components.uasset" 375
"../../../Engine/Content/EngineResources/DefaultTexture.uasset" 376
"../../../Engine/Content/EngineMaterials/Widget3DPassThrough_Translucent_OneSided.uasset" 377
"../../../Engine/Content/EngineMaterials/Widget3DPassThrough_Opaque.uasset" 378
"../../../Engine/Content/EngineMaterials/Widget3DPassThrough_Opaque_OneSided.uasset" 379
"../../../Engine/Content/EngineMaterials/Widget3DPassThrough_Masked.uasset" 380
"../../../Engine/Content/EngineMaterials/Widget3DPassThrough_Masked_OneSided.uasset" 381
"../../../Engine/Content/EditorResources/S_Actor.uasset" 382
"D:/Brood/Saved/Config/Windows/TemplateDefs.ini" 383
"../../../../../Brood/Intermediate/Config/CoalescedSourceConfigs/TemplateDefs.ini" 384
"D:/Brood/Saved/Config/Windows/GameplayTags.ini" 385
"../../../../../Brood/Intermediate/Config/CoalescedSourceConfigs/GameplayTags.ini" 386
"../../../Engine/Content/Maps/Templates/Thumbnails/Default.uasset" 387
"../../../Engine/Content/EditorMaterials/ParticleSystems/PSysThumbnail_NoImage.uasset" 388
"../../../Engine/Content/EditorMaterials/ParticleSystems/PSysThumbnail_OOD.uasset" 389
"../../../Engine/Content/EditorLandscapeResources/DataLayer.uasset" 390
"../../../Engine/Content/EngineDamageTypes/DmgTypeBP_Environmental.uasset" 391
"..\..\..\Engine\Content\Internationalization\icudt53l\numberingSystems.res" 392
"..\..\..\Engine\Content\Internationalization\icudt53l\curr\supplementalData.res" 393
"..\..\..\Engine\Content\Internationalization\icudt53l\curr\pool.res" 394
"..\..\..\Engine\Content\Internationalization\icudt53l\curr\en.res" 395
"..\..\..\Engine\Content\Internationalization\icudt53l\curr\root.res" 396
"../../../Engine/Content/EngineMeshes/Sphere.uasset" 397
"../../../Engine/Content/EngineFonts/RobotoDistanceField.uasset" 398
"../../../Engine/Content/EngineMaterials/DefaultTextMaterialOpaque.uasset" 399
"../../../Engine/Content/EditorResources/S_Trigger.uasset" 400
"../../../Engine/Content/EngineResources/GradientTexture0.uasset" 401
"../../../Engine/Content/EngineResources/Black.uasset" 402
"../../../Engine/Content/EditorMaterials/MatineeGroups/MAT_Groups_Float.uasset" 403
"../../../Engine/Content/EditorMaterials/MatineeGroups/MAT_Groups_Director.uasset" 404
"../../../Engine/Content/EditorMaterials/MatineeGroups/MAT_Groups_Event.uasset" 405
"../../../Engine/Content/EditorMaterials/MatineeGroups/MAT_Groups_Anim.uasset" 406
"../../../Engine/Content/EditorMaterials/MatineeGroups/MAT_Groups_Fade.uasset" 407
"../../../Engine/Content/EditorMaterials/MatineeGroups/MAT_Groups_Move.uasset" 408
"../../../Engine/Content/EditorMaterials/MatineeGroups/MAT_Groups_Slomo.uasset" 409
"../../../Engine/Content/EditorMaterials/MatineeGroups/MAT_ColorTrack.uasset" 410
"../../../Engine/Content/EditorMaterials/MAT_Groups_Toggle.uasset" 411
"../../../Engine/Content/EditorMaterials/MatineeGroups/MAT_Groups_AudioMaster.uasset" 412
"../../../Engine/Content/EditorMaterials/MatineeGroups/MAT_Groups_Sound.uasset" 413
"../../../Engine/Content/EditorMaterials/MatineeGroups/MAT_Groups_Vector.uasset" 414
"../../../Engine/Content/EditorMaterials/MAT_Groups_Visibility.uasset" 415
"../../../Engine/Content/EngineResources/DefaultTextureCube.uasset" 416
"../../../Engine/Content/EngineSounds/Master.uasset" 417
"../../../Engine/Content/EngineSounds/Music.uasset" 418
"../../../Engine/Content/EngineSounds/SFX.uasset" 419
"../../../Engine/Content/EngineSounds/Normal_Attack.uasset" 420
"../../../Engine/Content/EngineSounds/Special_Attack_PSM.uasset" 421
"../../../Engine/Content/EngineSounds/Duck_Normal_Attack_MixMod.uasset" 422
"../../../Engine/Content/EngineSounds/Voice.uasset" 423
"../../../Engine/Content/EngineMeshes/Cylinder.uasset" 424
"../../../Engine/Content/EngineMaterials/DefaultMaterial.uasset" 425
"../../../Engine/Content/EngineTireTypes/DefaultTireType.uasset" 426
"../../../Engine/Content/Editor/Slate/Fonts/FontAwesome.ttf" 427
"../../../Engine/Content/Editor/Slate/Fonts/DroidSansMono.ttf" 428
"../../../Engine/Content/Editor/Slate/Fonts/Roboto-BoldCondensed.ttf" 429
"../../../Engine/Content/Editor/Slate/Fonts/Roboto-Black.ttf" 430
"../../../Engine/Content/Editor/Slate/Fonts/Roboto-Italic.ttf" 431
"../../../Engine/Content/Editor/Slate/Fonts/Roboto-BoldCondensedItalic.ttf" 432
"..\..\..\Engine\Content\Internationalization\icudt53l\coll\ucadata.icu" 433
"..\..\..\Engine\Content\Internationalization\icudt53l\nfc.nrm" 434
"..\..\..\Engine\Content\Internationalization\icudt53l\coll\en_US.res" 435
"..\..\..\Engine\Content\Internationalization\icudt53l\coll\en.res" 436
"..\..\..\Engine\Content\Internationalization\icudt53l\coll\root.res" 437
"../../../Engine/Content/EngineResources/AICON-Red.uasset" 438
"../../../Engine/Content/EngineResources/AICON-Green.uasset" 439
"../../../Engine/Content/Tutorial/Foliage/Foliage_Intro_Tutorial.uasset" 440
"../../../Engine/Content/Tutorial/Foliage/TutorialAssets/Foliage.uasset" 441
"../../../Engine/Content/Tutorial/Foliage/Foliage_Using_The_Tool_Tutorial.uasset" 442
"../../../Engine/Content/Tutorial/Basics/LevelEditorAttract.uasset" 443
"../../../Engine/Content/Tutorial/Landscape/Landscape_Manage_Mode.uasset" 444
"../../../Engine/Content/Tutorial/Landscape/TutorialAssets/Landscape.uasset" 445
"../../../Engine/Content/Tutorial/Basics/LevelEditorOverview.uasset" 446
"../../../Engine/Content/Tutorial/Basics/TutorialAssets/icon_tab_Levels_40x.uasset" 447
"../../../Engine/Content/Tutorial/ContentIntroCurve.uasset" 448
"../../../Engine/Plugins/2D/Paper2D/Content/MaskedUnlitSpriteMaterial.uasset" 449
"../../../Engine/Plugins/2D/Paper2D/Content/DefaultSpriteMaterial.uasset" 450
"../../../Engine/Plugins/2D/Paper2D/Content/PlaceholderTextures/DummySpriteTexture.uasset" 451
"../../../Engine/Plugins/2D/Paper2D/Content/OpaqueUnlitSpriteMaterial.uasset" 452
"../../../Engine/Plugins/2D/Paper2D/Content/DefaultPaperTerrainMaterial.uasset" 453
"../../../Engine/Plugins/2D/Paper2D/Content/DummySprite.uasset" 454
"../../../Engine/Plugins/2D/Paper2D/Content/DummySpriteTexture.uasset" 455
"C:/Users/Martin/AppData/Local/UnrealEngine/4.10/Saved/Config/Windows/SourceControlSettings.ini" 456
"../../../../../Brood/Intermediate/Config/CoalescedSourceConfigs/SourceControlSettings.ini" 457
"D:/Brood/Saved/Config/Windows/SourceControlSettings.ini" 458
"../../../Engine/Plugins/Runtime/LeapMotionController/Content/LM_CapsuleMesh.uasset" 459
"../../../Engine/Plugins/Runtime/LeapMotionController/Content/LM_TorusMesh.uasset" 460
"../../../Engine/Plugins/Runtime/LeapMotionController/Content/LM_HandColor.uasset" 461
"../../../Engine/Plugins/Runtime/LeapMotionController/Content/LM_PassthroughMaterial.uasset" 462
"../../../Engine/Plugins/Runtime/LeapMotionController/Content/LM_SampleDistortion.uasset" 463
"../../../Engine/Plugins/Runtime/LeapMotionController/Content/LM_TestTexture.uasset" 464
"../../../Engine/Content/BasicShapes/Cube.uasset" 465
"../../../Engine/Content/EngineMaterials/RemoveSurfaceMaterial.uasset" 466
"../../../Engine/Content/EngineDebugMaterials/DebugMeshMaterial.uasset" 467
"../../../Engine/Content/EngineMaterials/M_InvalidLightmapSettings.uasset" 468
"../../../Engine/Content/EngineMaterials/InvalidLightmapSettings.uasset" 469
"../../../Engine/Content/EditorMaterials/GizmoMaterial.uasset" 470
"../../../Engine/Content/EngineMaterials/Good64x64TilingNoiseHighFreq.uasset" 471
"../../../Engine/Content/EngineMaterials/DefaultBokeh.uasset" 472
"../../../Engine/Content/EngineMaterials/PreintegratedSkinBRDF.uasset" 473
"../../../Engine/Content/EngineMaterials/MiniFont.uasset" 474
"../../../Engine/Content/EngineMaterials/WeightMapPlaceholderTexture.uasset" 475
"../../../Engine/Content/EngineMaterials/DefaultWhiteGrid.uasset" 476
"../../../Engine/Content/EngineMaterials/DefaultPhysicalMaterial.uasset" 477
"../../../Engine/Content/EngineFonts/RobotoTiny.uasset" 478
"../../../../../Brood/Intermediate/CachedAssetRegistry.bin" 479
"../../../../../Brood/Saved/Autosaves/Game/CharacterLevel_Auto1.umap" 480
"../../../../../Brood/Saved/Autosaves/Game/UEDPCCharacterLevel.umap" 481
"../../../../../Brood/Saved/Autosaves/Game/Character/CharacterAnimBP_Auto2.uasset" 482
"../../../../../Brood/Saved/Autosaves/Game/Character/CharacterAnimBP_Auto3.uasset" 483
"../../../../../Brood/Saved/Autosaves/Game/Character/CharacterBP_Auto1.uasset" 484
"../../../../../Brood/Saved/Autosaves/Game/Character/CharacterBP_Auto2.uasset" 485
"../../../../../Brood/Saved/Autosaves/Game/Character/Fbx_Default_Material_1_Auto1.uasset" 486
"../../../../../Brood/Saved/Autosaves/Game/Character/FirstPersonMaterial_Auto1.uasset" 487
"../../../../../Brood/Saved/Autosaves/Game/Character/FirstPersonMaterial_Inst_Auto1.uasset" 488
"../../../../../Brood/Saved/Autosaves/Game/Character/MontageExample_End_1_Auto1.uasset" 489
"../../../../../Brood/Saved/Autosaves/Game/Character/MontageExample_End_2_Auto1.uasset" 490
"../../../../../Brood/Saved/Autosaves/Game/Character/MontageExample_Punch_1_Auto1.uasset" 491
"../../../../../Brood/Saved/Autosaves/Game/Character/MontageExample_Punch_2_Auto1.uasset" 492
"../../../../../Brood/Saved/Autosaves/Game/Character/MontageExample_Start_Auto1.uasset" 493
"../../../../../Brood/Saved/Autosaves/Game/Character/M_UE4Man_Body_Auto1.uasset" 494
"../../../../../Brood/Saved/Autosaves/Game/Character/SK_Mannequin_Auto1.uasset" 495
"../../../../../Brood/Saved/Autosaves/Game/Character/SK_Mannequin_PhysicsAsset_Auto1.uasset" 496
"../../../../../Brood/Saved/Autosaves/Game/Character/SK_Mannequin_Skeleton_Auto1.uasset" 497
"../../../../../Brood/Saved/Autosaves/Game/Character/ThirdPersonIdle_Auto1.uasset" 498
"../../../../../Brood/Saved/Autosaves/Game/Character/ThirdPersonJump_End_Auto1.uasset" 499
"../../../../../Brood/Saved/Autosaves/Game/Character/ThirdPersonJump_Loop_Auto1.uasset" 500
"../../../../../Brood/Saved/Autosaves/Game/Character/ThirdPersonJump_Start_Auto1.uasset" 501
"../../../../../Brood/Saved/Autosaves/Game/Character/ThirdPersonRun_Auto1.uasset" 502
"../../../../../Brood/Saved/Autosaves/Game/Character/ThirdPersonWalk_Auto1.uasset" 503
"../../../../../Brood/Saved/Autosaves/Temp/Untitled_1_Auto1.umap" 504
"../../../Engine/Config/HTML5/HTML5Engine.ini" 505
"../../../Engine/Content/MobileResources/HUD/VirtualJoystick_Thumb.uasset" 506
"../../../../../Brood/Content/Character/MyGame.uasset" 507
"../../../../../Brood/Content/Character/CharacterBP.uasset" 508
"../../../../../Brood/Content/Character/CharacterAnimBP.uasset" 509
"../../../../../Brood/Content/Character/Animations/ThirdPersonJump_End.uasset" 510
"../../../../../Brood/Content/Character/SK_Mannequin_Skeleton.uasset" 511
"../../../../../Brood/Content/Character/Animations/ThirdPersonJump_Loop.uasset" 512
"../../../../../Brood/Content/Character/Animations/ThirdPersonJump_Start.uasset" 513
"../../../../../Brood/Content/Character/Animations/NewBlendSpace1D.uasset" 514
"../../../../../Brood/Content/Character/Animations/ThirdPersonIdle.uasset" 515
"../../../../../Brood/Content/Character/Animations/ThirdPersonRun.uasset" 516
"../../../../../Brood/Content/Character/Animations/ThirdPersonWalk.uasset" 517
"../../../Engine/Content/EditorBlueprintResources/StandardMacros.uasset" 518
"../../../../../Brood/Content/Character/SK_Mannequin.uasset" 519
"../../../../../Brood/Content/Character/FirstPersonMaterial_Inst.uasset" 520
"../../../../../Brood/Content/Character/FirstPersonMaterial.uasset" 521
"../../../../../Brood/Content/Character/SK_Mannequin_PhysicsAsset.uasset" 522
"../../../Engine/Content/EditorResources/BSPVertex.uasset" 523
"../../../Engine/Content/EngineDebugMaterials/GeomMaterial.uasset" 524
"../../../Engine/Content/EngineDebugMaterials/BoneWeightMaterial.uasset" 525
"../../../Engine/Content/EngineDebugMaterials/HeatmapGradient.uasset" 526
"../../../Engine/Content/EditorMaterials/PhAT_JointLimitMaterial.uasset" 527
"../../../Engine/Content/EditorMaterials/PreviewShadowIndicatorMaterial.uasset" 528
"../../../Engine/Content/EditorMaterials/PreviewShadowIndicator.uasset" 529
"../../../Engine/Content/EngineMaterials/EditorBrushMaterial.uasset" 530
"../../../Engine/Content/EditorMeshes/ColorCalibrator/SM_ColorCalibrator.uasset" 531
"../../../Engine/Content/EditorMeshes/ColorCalibrator/M_ChromeBall.uasset" 532
"../../../Engine/Content/EditorMeshes/ColorCalibrator/M_ClearCoat.uasset" 533
"../../../Engine/Content/EditorMeshes/ColorCalibrator/M_ClearCoatBlack.uasset" 534
"../../../Engine/Content/EditorMeshes/ColorCalibrator/M_ColorGrid.uasset" 535
"../../../Engine/Content/EditorMeshes/ColorCalibrator/T_ColorGrid.uasset" 536
"../../../Engine/Content/EditorMeshes/ColorCalibrator/M_GreyBall.uasset" 537
"../../../Engine/Content/MobileResources/HUD/DefaultVirtualJoysticks.uasset" 538
"../../../Engine/Content/MobileResources/HUD/VirtualJoystick_Background.uasset" 539
"../../../Engine/Content/Tutorial/BlueprintTutorials/TutorialAssets/Blueprint_64x.uasset" 540
"../../../Engine/Content/Tutorial/SubEditors/TutorialAssets/icon_Editor_Preferences_General_40x.uasset" 541
"../../../Engine/Content/Tutorial/Paper2D/TutorialAssets/Paper2DSprite_TutorialIcon.uasset" 542
"../../../Engine/Content/Tutorial/SubEditors/TutorialAssets/icon_ShowSkeletalMeshes_40x.uasset" 543
"../../../Engine/Content/Tutorial/SubEditors/StaticMeshEditorTutorial.uasset" 544
"../../../Engine/Content/EngineMeshes/Cube.uasset" 545
"../../../Engine/Content/Tutorial/BlueprintTutorials/BlueprintEditorTutorial.uasset" 546
"../../../Engine/Content/Tutorial/BlueprintTutorials/BlueprintMacroLibrariesEditorOverview.uasset" 547
"../../../Engine/Content/Tutorial/BlueprintTutorials/TutorialAssets/BlueprintMacroLibrary_64x.uasset" 548
"../../../Engine/Content/Tutorial/BlueprintTutorials/TutorialAssets/Tutorial_BP_MacroLib.uasset" 549
"../../../Engine/Content/Tutorial/BlueprintTutorials/BlueprintInterfacesEditorOverview.uasset" 550
"../../../Engine/Content/Tutorial/BlueprintTutorials/TutorialAssets/BlueprintInterface_64x.uasset" 551
"../../../Engine/Content/Tutorial/BlueprintTutorials/TutorialAssets/Tutorial_BP_Interface.uasset" 552
"../../../Engine/Content/Tutorial/BlueprintTutorials/LevelBlueprintEditorOverview.uasset" 553
"../../../Engine/Content/Tutorial/SubEditors/DestructibleMeshEditorTutorial.uasset" 554
"../../../Engine/Content/Tutorial/SubEditors/TutorialAssets/Tutorial_DM.uasset" 555
"../../../Engine/Content/EditorMeshes/EditorCube.uasset" 556
"../../../Engine/Content/Tutorial/SubEditors/MaterialEditorTutorial.uasset" 557
"../../../Engine/Content/Tutorial/SubEditors/TutorialAssets/TutorialMaterial.uasset" 558
"../../../Engine/Content/Tutorial/SubEditors/ParticleSystemEditorTutorial.uasset" 559
"../../../Engine/Content/Tutorial/SubEditors/TutorialAssets/TutorialParticleSystem.uasset" 560
"../../../Engine/Content/Tutorial/SubEditors/TutorialAssets/M_smoke_subUV_blackbody.uasset" 561
"../../../Engine/Content/Tutorial/SubEditors/TutorialAssets/T_SmokeSubUV_8X8.uasset" 562
"../../../Engine/Content/Tutorial/SubEditors/TutorialAssets/T_soft_smoke.uasset" 563
"../../../Engine/Content/Tutorial/SubEditors/PersonaAnimEditorWalkThrough.uasset" 564
"../../../Engine/Content/Tutorial/SubEditors/TutorialAssets/Character/NewBlendSpace1D.uasset" 565
"../../../Engine/Content/Tutorial/SubEditors/TutorialAssets/Character/Tutorial_Idle.uasset" 566
"../../../Engine/Content/Tutorial/SubEditors/TutorialAssets/Character/TutorialTPP_Skeleton.uasset" 567
"../../../Engine/Content/Tutorial/SubEditors/TutorialAssets/Character/Tutorial_Walk_Fwd.uasset" 568
"../../../Engine/Content/Tutorial/SubEditors/TutorialAssets/Character/TutorialTPP.uasset" 569
"../../../Engine/Content/Tutorial/SubEditors/TutorialAssets/Character/TutorialTPP_Mat.uasset" 570
"../../../Engine/Content/Tutorial/SubEditors/TutorialAssets/Character/TutorialTPP_PhysicsAsset.uasset" 571
"../../../Engine/Content/Tutorial/SubEditors/PersonaAnimBlueprintEditorWalkthrough.uasset" 572
"../../../Engine/Content/Tutorial/SubEditors/TutorialAssets/Character/TutorialTPP_AnimBlueprint.uasset" 573
"../../../Engine/Content/Tutorial/SubEditors/TutorialAssets/Character/TutorialCharacter.uasset" 574
"../../../Engine/Content/Tutorial/Paper2D/SpriteEditorTutorial.uasset" 575
"../../../Engine/Content/Tutorial/Paper2D/FlipbookEditorTutorial.uasset" 576
"../../../Engine/Content/Tutorial/Paper2D/TutorialAssets/Paper2DFlipbook_TutorialIcon.uasset" 577
"../../../Engine/Content/Tutorial/Foliage/Foliage_Settings_Tutorial.uasset" 578
"../../../Engine/Content/Tutorial/Landscape/Landscape_Sculpt_Mode.uasset" 579
"../../../Engine/Content/Tutorial/Landscape/Landscape_Painting_Mode.uasset" 580
"../../../Engine/Content/MobileResources/HUD/T_Castle_ThumbstickOutter.uasset" 581
"../../../Engine/Content/MobileResources/HUD/T_Castle_ThumbstickInner.uasset" 582
"../../../Engine/Content/MobileResources/HUD/MobileHUDDirectionStick.uasset" 583
"../../../Engine/Content/MobileResources/HUD/MobileHUDButtonFire.uasset" 584
"../../../Engine/Content/MobileResources/HUD/MobileHUDButton2_off.uasset" 585
"../../../Engine/Content/MobileResources/HUD/LeftVirtualJoystickOnly.uasset" 586
"../../../Engine/Content/MobileResources/HUD/AnalogHat.uasset" 587
"../../../../../Brood/Content/Character/Animations/MontageExample_Start.uasset" 588
"../../../../../Brood/Content/Character/Animations/MontageExample_Punch_2.uasset" 589
"../../../../../Brood/Content/Character/Animations/MontageExample_Punch_1.uasset" 590
"../../../../../Brood/Content/Character/Animations/MontageExample_End_2.uasset" 591
"../../../../../Brood/Content/Character/Animations/MontageExample_End_1.uasset" 592
"../../../../../Brood/Content/Character/ThirdPersonWalk.uasset" 593
"../../../../../Brood/Content/Character/ThirdPersonRun.uasset" 594
"../../../../../Brood/Content/Character/ThirdPersonJump_Start.uasset" 595
"../../../../../Brood/Content/Character/ThirdPersonJump_Loop.uasset" 596
"../../../../../Brood/Content/Character/ThirdPersonJump_End.uasset" 597
"../../../../../Brood/Content/Character/ThirdPersonIdle.uasset" 598
"../../../../../Brood/Content/Character/M_UE4Man_Body.uasset" 599
"C:/Users/Martin/AppData/Local/Temp/UnrealShaderWorkingDir/7517728B48A77470A86A58B8C8852C32/0/WorkerOutputOnly.out" 600
